TN:
SF:/usr/local/var/www/arknodejs.com/api/app.js
FNF:0
FNH:0
DA:2,1
DA:3,1
DA:4,1
DA:5,1
DA:6,1
DA:8,1
DA:9,1
DA:10,1
DA:11,1
DA:12,1
DA:13,1
DA:16,1
DA:18,1
LF:13
LH:13
BRF:0
BRH:0
end_of_record
TN:
SF:/usr/local/var/www/arknodejs.com/api/index.js
FN:2,(anonymous_0)
FN:12,(anonymous_1)
FNF:2
FNH:2
FNDA:19,(anonymous_0)
FNDA:1,(anonymous_1)
DA:1,1
DA:2,19
DA:6,1
DA:8,1
DA:9,1
DA:11,1
DA:12,1
DA:13,1
DA:14,1
DA:15,1
LF:10
LH:10
BRDA:6,0,0,1
BRDA:6,0,1,0
BRF:2
BRH:1
end_of_record
TN:
SF:/usr/local/var/www/arknodejs.com/api/conf/dev.js
FNF:0
FNH:0
DA:1,1
DA:3,1
LF:2
LH:2
BRF:0
BRH:0
end_of_record
TN:
SF:/usr/local/var/www/arknodejs.com/api/conf/index.js
FNF:0
FNH:0
DA:1,1
DA:2,1
DA:4,1
LF:3
LH:3
BRDA:6,0,0,1
BRDA:6,0,1,1
BRF:2
BRH:2
end_of_record
TN:
SF:/usr/local/var/www/arknodejs.com/api/conf/prod.js
FNF:0
FNH:0
DA:1,1
DA:3,1
LF:2
LH:2
BRF:0
BRH:0
end_of_record
TN:
SF:/usr/local/var/www/arknodejs.com/api/middleware/auth.js
FN:7,(anonymous_0)
FN:17,(anonymous_1)
FN:32,(anonymous_2)
FN:47,(anonymous_3)
FN:65,(anonymous_4)
FN:81,(anonymous_5)
FNF:6
FNH:2
FNDA:7,(anonymous_0)
FNDA:6,(anonymous_1)
FNDA:0,(anonymous_2)
FNDA:0,(anonymous_3)
FNDA:0,(anonymous_4)
FNDA:0,(anonymous_5)
DA:1,1
DA:3,1
DA:5,1
DA:7,1
DA:8,7
DA:9,7
DA:10,6
DA:11,6
DA:12,6
DA:14,1
DA:17,1
DA:18,6
DA:19,6
DA:20,6
DA:21,6
DA:22,6
DA:23,0
DA:24,0
DA:25,0
DA:26,0
DA:27,0
DA:30,0
DA:32,1
DA:33,0
DA:34,0
DA:35,0
DA:36,0
DA:37,0
DA:38,0
DA:39,0
DA:40,0
DA:41,0
DA:42,0
DA:45,0
DA:47,1
DA:48,0
DA:49,0
DA:50,0
DA:51,0
DA:52,0
DA:53,0
DA:54,0
DA:55,0
DA:56,0
DA:57,0
DA:58,0
DA:59,0
DA:62,0
DA:65,1
DA:66,0
DA:67,0
DA:68,0
DA:69,0
DA:70,0
DA:71,0
DA:72,0
DA:73,0
DA:74,0
DA:75,0
DA:78,0
DA:81,1
DA:82,0
DA:83,0
DA:84,0
DA:85,0
LF:65
LH:20
BRDA:9,0,0,6
BRDA:9,0,1,1
BRDA:12,1,0,6
BRDA:12,1,1,0
BRDA:20,2,0,6
BRDA:20,2,1,0
BRDA:21,3,0,6
BRDA:21,3,1,0
BRDA:22,4,0,6
BRDA:22,4,1,0
BRDA:23,5,0,0
BRDA:23,5,1,0
BRDA:25,6,0,0
BRDA:25,6,1,0
BRDA:27,7,0,0
BRDA:27,7,1,0
BRDA:35,8,0,0
BRDA:35,8,1,0
BRDA:36,9,0,0
BRDA:36,9,1,0
BRDA:36,10,0,0
BRDA:36,10,1,0
BRDA:37,11,0,0
BRDA:37,11,1,0
BRDA:38,12,0,0
BRDA:38,12,1,0
BRDA:40,13,0,0
BRDA:40,13,1,0
BRDA:40,14,0,0
BRDA:40,14,1,0
BRDA:42,15,0,0
BRDA:42,15,1,0
BRDA:50,16,0,0
BRDA:50,16,1,0
BRDA:52,17,0,0
BRDA:52,17,1,0
BRDA:53,18,0,0
BRDA:53,18,1,0
BRDA:53,19,0,0
BRDA:53,19,1,0
BRDA:54,20,0,0
BRDA:54,20,1,0
BRDA:55,21,0,0
BRDA:55,21,1,0
BRDA:57,22,0,0
BRDA:57,22,1,0
BRDA:57,23,0,0
BRDA:57,23,1,0
BRDA:59,24,0,0
BRDA:59,24,1,0
BRDA:68,25,0,0
BRDA:68,25,1,0
BRDA:69,26,0,0
BRDA:69,26,1,0
BRDA:70,27,0,0
BRDA:70,27,1,0
BRDA:71,28,0,0
BRDA:71,28,1,0
BRDA:73,29,0,0
BRDA:73,29,1,0
BRDA:75,30,0,0
BRDA:75,30,1,0
BRDA:83,31,0,0
BRDA:83,31,1,0
BRDA:84,32,0,0
BRDA:84,32,1,0
BRF:66
BRH:6
end_of_record
TN:
SF:/usr/local/var/www/arknodejs.com/api/middleware/resp.js
FN:1,logger
FNF:1
FNH:1
FNDA:21,logger
DA:2,21
DA:3,21
DA:4,11
DA:6,11
DA:9,1
LF:5
LH:5
BRF:0
BRH:0
end_of_record
TN:
SF:/usr/local/var/www/arknodejs.com/api/mongo/actions.js
FN:10,(anonymous_0)
FN:11,(anonymous_1)
FN:23,(anonymous_2)
FN:42,(anonymous_3)
FN:53,(anonymous_4)
FN:66,(anonymous_5)
FN:77,(anonymous_6)
FN:86,(anonymous_7)
FN:95,(anonymous_8)
FNF:9
FNH:4
FNDA:4,(anonymous_0)
FNDA:1,(anonymous_1)
FNDA:0,(anonymous_2)
FNDA:0,(anonymous_3)
FNDA:4,(anonymous_4)
FNDA:0,(anonymous_5)
FNDA:1,(anonymous_6)
FNDA:0,(anonymous_7)
FNDA:0,(anonymous_8)
DA:6,1
DA:8,1
DA:10,4
DA:12,1
DA:13,1
DA:14,1
DA:15,0
DA:16,1
DA:19,1
DA:20,1
DA:21,1
DA:24,0
DA:25,0
DA:26,0
DA:27,0
DA:28,0
DA:29,0
DA:30,0
DA:31,0
DA:32,0
DA:33,0
DA:34,0
DA:35,0
DA:37,0
DA:38,0
DA:39,0
DA:40,0
DA:43,0
DA:44,0
DA:45,0
DA:46,0
DA:47,0
DA:48,0
DA:54,4
DA:55,4
DA:56,0
DA:57,4
DA:58,2
DA:59,2
DA:60,2
DA:61,1
DA:62,1
DA:63,1
DA:67,0
DA:68,0
DA:69,0
DA:70,0
DA:71,0
DA:72,0
DA:73,0
DA:74,0
DA:78,1
DA:79,0
DA:80,1
DA:82,1
DA:83,1
DA:84,1
DA:87,0
DA:88,0
DA:89,0
DA:90,0
DA:91,0
DA:92,0
DA:96,0
DA:97,0
DA:98,0
DA:99,0
DA:100,0
DA:101,0
LF:69
LH:24
BRDA:14,0,0,1
BRDA:14,0,1,0
BRDA:16,1,0,0
BRDA:16,1,1,1
BRDA:20,2,0,0
BRDA:20,2,1,1
BRDA:26,3,0,0
BRDA:26,3,1,0
BRDA:28,4,0,0
BRDA:28,4,1,0
BRDA:30,5,0,0
BRDA:30,5,1,0
BRDA:30,6,0,0
BRDA:30,6,1,0
BRDA:31,7,0,0
BRDA:31,7,1,0
BRDA:31,8,0,0
BRDA:31,8,1,0
BRDA:32,9,0,0
BRDA:32,9,1,0
BRDA:33,10,0,0
BRDA:33,10,1,0
BRDA:37,11,0,0
BRDA:37,11,1,0
BRDA:39,12,0,0
BRDA:39,12,1,0
BRDA:44,13,0,0
BRDA:44,13,1,0
BRDA:45,14,0,0
BRDA:45,14,1,0
BRDA:47,15,0,0
BRDA:47,15,1,0
BRDA:55,16,0,0
BRDA:55,16,1,4
BRDA:57,17,0,2
BRDA:57,17,1,2
BRDA:57,18,0,4
BRDA:57,18,1,3
BRDA:60,19,0,1
BRDA:60,19,1,1
BRDA:68,20,0,0
BRDA:68,20,1,0
BRDA:70,21,0,0
BRDA:70,21,1,0
BRDA:73,22,0,0
BRDA:73,22,1,0
BRDA:78,23,0,0
BRDA:78,23,1,1
BRDA:83,24,0,0
BRDA:83,24,1,1
BRDA:88,25,0,0
BRDA:88,25,1,0
BRDA:88,26,0,0
BRDA:88,26,1,0
BRDA:91,27,0,0
BRDA:91,27,1,0
BRDA:97,28,0,0
BRDA:97,28,1,0
BRDA:100,29,0,0
BRDA:100,29,1,0
BRF:60
BRH:12
end_of_record
TN:
SF:/usr/local/var/www/arknodejs.com/api/mongo/index.js
FN:6,connect
FN:8,(anonymous_1)
FN:10,(anonymous_2)
FN:11,(anonymous_3)
FN:12,(anonymous_4)
FN:20,initAdmin
FN:30,init
FNF:7
FNH:5
FNDA:1,connect
FNDA:1,(anonymous_1)
FNDA:0,(anonymous_2)
FNDA:0,(anonymous_3)
FNDA:1,(anonymous_4)
FNDA:1,initAdmin
FNDA:1,init
DA:1,1
DA:2,1
DA:3,1
DA:4,1
DA:7,1
DA:8,1
DA:9,1
DA:10,0
DA:11,0
DA:13,1
DA:14,1
DA:17,1
DA:21,1
DA:24,1
DA:25,1
DA:26,0
DA:27,0
DA:31,1
DA:32,1
DA:33,1
DA:35,0
DA:39,1
LF:22
LH:17
BRDA:25,0,0,0
BRDA:25,0,1,1
BRF:2
BRH:1
end_of_record
TN:
SF:/usr/local/var/www/arknodejs.com/api/mongo/io.js
FN:5,mongoError
FN:11,mongoTry
FN:20,userFieldsFilter
FN:34,(anonymous_3)
FN:36,(anonymous_4)
FN:40,(anonymous_5)
FN:49,(anonymous_6)
FN:55,(anonymous_7)
FN:59,(anonymous_8)
FN:65,(anonymous_9)
FN:69,(anonymous_10)
FN:77,(anonymous_11)
FN:79,(anonymous_12)
FN:81,(anonymous_13)
FNF:14
FNH:6
FNDA:1,mongoError
FNDA:4,mongoTry
FNDA:0,userFieldsFilter
FNDA:8,(anonymous_3)
FNDA:1,(anonymous_4)
FNDA:0,(anonymous_5)
FNDA:0,(anonymous_6)
FNDA:2,(anonymous_7)
FNDA:0,(anonymous_8)
FNDA:1,(anonymous_9)
FNDA:0,(anonymous_10)
FNDA:0,(anonymous_11)
FNDA:0,(anonymous_12)
FNDA:0,(anonymous_13)
DA:3,1
DA:6,1
DA:7,0
DA:8,1
DA:9,1
DA:12,4
DA:13,4
DA:14,3
DA:15,1
DA:21,0
DA:22,0
DA:23,0
DA:24,0
DA:26,0
DA:27,0
DA:28,0
DA:31,0
DA:34,8
DA:37,1
DA:38,1
DA:41,0
DA:42,0
DA:43,0
DA:44,0
DA:45,0
DA:46,0
DA:47,0
DA:50,0
DA:51,0
DA:52,0
DA:56,2
DA:57,2
DA:60,0
DA:61,0
DA:62,0
DA:63,0
DA:66,1
DA:67,1
DA:70,0
DA:72,0
DA:74,0
DA:78,0
DA:80,0
DA:81,0
DA:82,0
DA:84,0
DA:85,0
DA:87,0
LF:48
LH:15
BRDA:6,0,0,0
BRDA:6,0,1,1
BRDA:6,1,0,1
BRDA:6,1,1,1
BRDA:8,2,0,1
BRDA:8,2,1,0
BRDA:8,3,0,1
BRDA:8,3,1,1
BRDA:11,4,0,2
BRDA:21,5,0,0
BRDA:21,5,1,0
BRDA:21,6,0,0
BRDA:21,6,1,0
BRDA:21,6,2,0
BRDA:22,7,0,0
BRDA:22,7,1,0
BRDA:26,8,0,0
BRDA:26,8,1,0
BRDA:40,9,0,0
BRDA:40,10,0,0
BRDA:40,11,0,0
BRDA:40,12,0,0
BRDA:42,13,0,0
BRDA:42,13,1,0
BRDA:43,14,0,0
BRDA:43,14,1,0
BRDA:44,15,0,0
BRDA:44,15,1,0
BRDA:45,16,0,0
BRDA:45,16,1,0
BRDA:80,17,0,0
BRDA:80,17,1,0
BRF:32
BRH:7
end_of_record
TN:
SF:/usr/local/var/www/arknodejs.com/api/mongo/utils.js
FN:1,(anonymous_0)
FNF:1
FNH:0
FNDA:0,(anonymous_0)
DA:1,1
DA:2,0
DA:3,0
DA:4,0
DA:5,0
DA:6,0
LF:6
LH:1
BRDA:2,0,0,0
BRDA:2,0,1,0
BRDA:2,1,0,0
BRDA:2,1,1,0
BRDA:4,2,0,0
BRDA:4,2,1,0
BRDA:4,3,0,0
BRDA:4,3,1,0
BRF:8
BRH:0
end_of_record
TN:
SF:/usr/local/var/www/arknodejs.com/api/mongo/action/article.js
FN:7,(anonymous_0)
FN:19,(anonymous_1)
FN:35,(anonymous_2)
FNF:3
FNH:0
FNDA:0,(anonymous_0)
FNDA:0,(anonymous_1)
FNDA:0,(anonymous_2)
DA:1,1
DA:2,1
DA:5,1
DA:8,0
DA:9,0
DA:14,0
DA:15,0
DA:20,0
DA:21,0
DA:22,0
DA:26,0
DA:27,0
DA:28,0
DA:29,0
DA:30,0
DA:31,0
DA:32,0
DA:36,0
DA:37,0
DA:41,0
DA:42,0
DA:43,0
DA:44,0
DA:45,0
DA:46,0
DA:47,0
LF:26
LH:3
BRDA:19,0,0,0
BRDA:19,1,0,0
BRDA:26,2,0,0
BRDA:26,2,1,0
BRDA:27,3,0,0
BRDA:27,3,1,0
BRDA:28,4,0,0
BRDA:28,4,1,0
BRDA:29,5,0,0
BRDA:29,5,1,0
BRDA:41,6,0,0
BRDA:41,6,1,0
BRDA:42,7,0,0
BRDA:42,7,1,0
BRDA:43,8,0,0
BRDA:43,8,1,0
BRDA:44,9,0,0
BRDA:44,9,1,0
BRF:18
BRH:0
end_of_record
TN:
SF:/usr/local/var/www/arknodejs.com/api/mongo/action/user.js
FN:7,(anonymous_0)
FNF:1
FNH:1
FNDA:3,(anonymous_0)
DA:1,1
DA:2,1
DA:4,1
DA:8,3
DA:9,3
DA:10,3
DA:11,3
DA:12,0
LF:8
LH:7
BRF:0
BRH:0
end_of_record
TN:
SF:/usr/local/var/www/arknodejs.com/api/mongo/models/_base.js
FNF:0
FNH:0
DA:1,1
LF:1
LH:1
BRF:0
BRH:0
end_of_record
TN:
SF:/usr/local/var/www/arknodejs.com/api/mongo/models/article.js
FNF:0
FNH:0
DA:2,1
DA:3,1
DA:4,1
DA:6,1
DA:8,1
DA:24,1
DA:25,1
DA:27,1
LF:8
LH:8
BRF:0
BRH:0
end_of_record
TN:
SF:/usr/local/var/www/arknodejs.com/api/mongo/models/category.js
FNF:0
FNH:0
DA:1,1
DA:2,1
DA:4,1
DA:6,1
DA:12,1
LF:5
LH:5
BRF:0
BRH:0
end_of_record
TN:
SF:/usr/local/var/www/arknodejs.com/api/mongo/models/index.js
FNF:0
FNH:0
DA:1,1
DA:2,1
DA:3,1
DA:4,1
LF:4
LH:4
BRF:0
BRH:0
end_of_record
TN:
SF:/usr/local/var/www/arknodejs.com/api/mongo/models/tag.js
FNF:0
FNH:0
DA:1,1
DA:2,1
DA:3,1
DA:5,1
DA:7,1
DA:14,1
LF:6
LH:6
BRF:0
BRH:0
end_of_record
TN:
SF:/usr/local/var/www/arknodejs.com/api/mongo/models/user.js
FN:62,(anonymous_0)
FN:66,(anonymous_1)
FNF:2
FNH:0
FNDA:0,(anonymous_0)
FNDA:0,(anonymous_1)
DA:1,1
DA:2,1
DA:7,1
DA:8,1
DA:10,1
DA:47,1
DA:61,1
DA:63,0
DA:64,0
DA:65,0
DA:67,0
DA:69,1
DA:71,3
DA:72,3
DA:73,3
DA:76,3
DA:77,3
DA:78,3
DA:83,0
DA:87,0
DA:91,1
LF:21
LH:15
BRDA:76,0,0,0
BRDA:76,0,1,3
BRF:2
BRH:1
end_of_record
TN:
SF:/usr/local/var/www/arknodejs.com/api/route/auth.js
FN:54,login
FN:81,logout
FN:106,verify_token
FN:112,(anonymous_3)
FNF:4
FNH:3
FNDA:6,login
FNDA:0,logout
FNDA:3,verify_token
FNDA:1,(anonymous_3)
DA:1,1
DA:2,1
DA:3,1
DA:56,6
DA:57,6
DA:58,2
DA:60,4
DA:61,4
DA:62,4
DA:63,3
DA:68,3
DA:70,3
DA:73,1
DA:76,1
DA:107,3
DA:108,3
DA:109,1
DA:110,1
DA:112,1
DA:113,1
DA:115,1
LF:21
LH:21
BRDA:57,0,0,2
BRDA:57,0,1,4
BRDA:57,1,0,6
BRDA:57,1,1,5
BRDA:62,2,0,3
BRDA:62,2,1,1
BRDA:62,3,0,4
BRDA:62,3,1,3
BRDA:62,3,2,3
BRDA:108,4,0,2
BRDA:108,4,1,1
BRF:11
BRH:11
end_of_record
TN:
SF:/usr/local/var/www/arknodejs.com/api/route/index.js
FN:12,wlFilter
FN:20,(anonymous_1)
FN:24,(anonymous_2)
FNF:3
FNH:2
FNDA:0,wlFilter
FNDA:1,(anonymous_1)
FNDA:1,(anonymous_2)
DA:1,1
DA:2,1
DA:3,1
DA:4,1
DA:6,1
DA:13,0
DA:14,0
DA:15,0
DA:16,0
DA:20,1
DA:24,1
DA:25,1
DA:32,1
DA:33,1
DA:35,1
DA:58,1
DA:59,1
LF:17
LH:13
BRDA:4,0,0,0
BRDA:4,0,1,1
BRDA:14,1,0,0
BRDA:14,1,1,0
BRF:4
BRH:1
end_of_record
TN:
SF:/usr/local/var/www/arknodejs.com/api/route/qiniu.js
FN:15,(anonymous_0)
FN:29,genToken
FN:46,(anonymous_2)
FNF:3
FNH:1
FNDA:0,(anonymous_0)
FNDA:0,genToken
FNDA:1,(anonymous_2)
DA:1,1
DA:2,1
DA:3,1
DA:5,1
DA:6,0
DA:8,1
DA:9,1
DA:13,1
DA:15,1
DA:16,0
DA:17,0
DA:20,0
DA:30,0
DA:31,0
DA:32,0
DA:33,0
DA:34,0
DA:35,0
DA:36,0
DA:37,0
DA:38,0
DA:43,0
DA:46,1
DA:47,1
LF:24
LH:10
BRDA:5,0,0,0
BRDA:5,0,1,1
BRDA:5,1,0,1
BRDA:5,1,1,1
BRDA:5,1,2,1
BRDA:5,1,3,1
BRDA:30,2,0,0
BRDA:30,2,1,0
BRDA:30,3,0,0
BRDA:30,3,1,0
BRDA:30,3,2,0
BRDA:30,3,3,0
BRDA:33,4,0,0
BRDA:33,4,1,0
BRDA:37,5,0,0
BRDA:37,5,1,0
BRF:16
BRH:5
end_of_record
TN:
SF:/usr/local/var/www/arknodejs.com/api/route/rest/index.js
FN:8,app_api
FN:28,admin_api
FN:59,(anonymous_2)
FNF:3
FNH:3
FNDA:1,app_api
FNDA:1,admin_api
FNDA:1,(anonymous_2)
DA:1,1
DA:3,1
DA:5,1
DA:6,1
DA:10,1
DA:13,1
DA:14,1
DA:17,1
DA:18,1
DA:19,1
DA:22,1
DA:23,1
DA:24,1
DA:29,1
DA:30,1
DA:32,1
DA:33,4
DA:34,4
DA:35,4
DA:37,4
DA:38,1
DA:39,1
DA:40,1
DA:41,1
DA:42,1
DA:43,1
DA:44,1
DA:46,3
DA:47,3
DA:48,3
DA:49,3
DA:50,3
DA:51,3
DA:52,3
DA:56,1
DA:59,1
DA:60,1
DA:61,1
LF:38
LH:38
BRDA:37,0,0,1
BRDA:37,0,1,3
BRF:2
BRH:2
end_of_record
TN:
SF:/usr/local/var/www/arknodejs.com/api/route/rest/public.js
FN:15,(anonymous_0)
FN:30,(anonymous_1)
FN:42,(anonymous_2)
FN:58,(anonymous_3)
FN:66,(anonymous_4)
FN:78,(anonymous_5)
FN:94,(anonymous_6)
FN:102,(anonymous_7)
FN:114,(anonymous_8)
FNF:9
FNH:1
FNDA:4,(anonymous_0)
FNDA:0,(anonymous_1)
FNDA:0,(anonymous_2)
FNDA:0,(anonymous_3)
FNDA:0,(anonymous_4)
FNDA:0,(anonymous_5)
FNDA:0,(anonymous_6)
FNDA:0,(anonymous_7)
FNDA:0,(anonymous_8)
DA:3,1
DA:4,1
DA:5,1
DA:6,1
DA:7,1
DA:8,1
DA:10,1
DA:11,1
DA:13,1
DA:16,4
DA:17,4
DA:18,4
DA:19,4
DA:20,1
DA:21,1
DA:22,3
DA:23,3
DA:24,3
DA:25,3
DA:26,3
DA:31,0
DA:32,0
DA:33,0
DA:34,0
DA:35,0
DA:36,0
DA:37,0
DA:38,0
DA:39,0
DA:40,0
DA:43,0
DA:44,0
DA:46,0
DA:47,0
DA:48,0
DA:49,0
DA:51,0
DA:52,0
DA:53,0
DA:59,0
DA:60,0
DA:61,0
DA:62,0
DA:63,0
DA:64,0
DA:67,0
DA:68,0
DA:69,0
DA:70,0
DA:71,0
DA:72,0
DA:73,0
DA:74,0
DA:75,0
DA:76,0
DA:79,0
DA:80,0
DA:81,0
DA:82,0
DA:83,0
DA:84,0
DA:85,0
DA:86,0
DA:87,0
DA:88,0
DA:89,0
DA:95,0
DA:96,0
DA:97,0
DA:98,0
DA:99,0
DA:100,0
DA:103,0
DA:104,0
DA:105,0
DA:106,0
DA:107,0
DA:108,0
DA:109,0
DA:110,0
DA:111,0
DA:112,0
DA:115,0
DA:116,0
DA:117,0
DA:118,0
DA:119,0
DA:120,0
DA:121,0
DA:122,0
DA:123,0
DA:124,0
DA:125,0
LF:93
LH:20
BRDA:18,0,0,0
BRDA:18,0,1,4
BRDA:19,1,0,3
BRDA:19,1,1,1
BRDA:20,2,0,0
BRDA:20,2,1,1
BRDA:25,3,0,0
BRDA:25,3,1,3
BRDA:33,4,0,0
BRDA:33,4,1,0
BRDA:34,5,0,0
BRDA:34,5,1,0
BRDA:35,6,0,0
BRDA:35,6,1,0
BRDA:39,7,0,0
BRDA:39,7,1,0
BRDA:46,8,0,0
BRDA:46,8,1,0
BRDA:47,9,0,0
BRDA:47,9,1,0
BRDA:48,10,0,0
BRDA:48,10,1,0
BRDA:52,11,0,0
BRDA:52,11,1,0
BRDA:63,12,0,0
BRDA:63,12,1,0
BRDA:70,13,0,0
BRDA:70,13,1,0
BRDA:71,14,0,0
BRDA:71,14,1,0
BRDA:75,15,0,0
BRDA:75,15,1,0
BRDA:81,16,0,0
BRDA:81,16,1,0
BRDA:84,17,0,0
BRDA:84,17,1,0
BRDA:85,18,0,0
BRDA:85,18,1,0
BRDA:88,19,0,0
BRDA:88,19,1,0
BRDA:99,20,0,0
BRDA:99,20,1,0
BRDA:106,21,0,0
BRDA:106,21,1,0
BRDA:107,22,0,0
BRDA:107,22,1,0
BRDA:111,23,0,0
BRDA:111,23,1,0
BRDA:117,24,0,0
BRDA:117,24,1,0
BRDA:120,25,0,0
BRDA:120,25,1,0
BRDA:121,26,0,0
BRDA:121,26,1,0
BRDA:124,27,0,0
BRDA:124,27,1,0
BRF:56
BRH:5
end_of_record
TN:
SF:/usr/local/var/www/arknodejs.com/api/util/http.js
FN:7,json
FNF:1
FNH:0
FNDA:0,json
DA:8,0
DA:9,0
DA:10,0
DA:12,0
DA:13,0
DA:14,0
DA:15,0
DA:16,0
DA:17,0
DA:18,0
DA:21,1
LF:11
LH:1
BRDA:7,0,0,0
BRDA:7,1,0,0
BRDA:8,2,0,0
BRDA:8,2,1,0
BRDA:9,3,0,0
BRDA:9,3,1,0
BRDA:12,4,0,0
BRDA:12,4,1,0
BRDA:12,5,0,0
BRDA:12,5,1,0
BRDA:13,6,0,0
BRDA:13,6,1,0
BRDA:13,7,0,0
BRDA:13,7,1,0
BRDA:14,8,0,0
BRDA:14,8,1,0
BRDA:14,9,0,0
BRDA:14,9,1,0
BRDA:15,10,0,0
BRDA:15,10,1,0
BRDA:15,11,0,0
BRDA:15,11,1,0
BRDA:16,12,0,0
BRDA:16,12,1,0
BRDA:16,13,0,0
BRDA:16,13,1,0
BRDA:17,14,0,0
BRDA:17,14,1,0
BRDA:17,15,0,0
BRDA:17,15,1,0
BRF:30
BRH:0
end_of_record
TN:
SF:/usr/local/var/www/arknodejs.com/api/util/token.js
FN:8,(anonymous_0)
FNF:1
FNH:1
FNDA:16,(anonymous_0)
DA:1,1
DA:2,1
DA:7,1
DA:8,16
DA:10,3
DA:14,10
DA:15,8
DA:16,8
DA:17,1
DA:21,7
DA:22,7
DA:23,7
DA:24,0
DA:28,0
DA:29,0
DA:30,0
DA:32,0
LF:17
LH:12
BRDA:14,0,0,2
BRDA:14,0,1,8
BRDA:20,1,0,7
BRDA:21,2,0,0
BRDA:21,2,1,7
BRDA:27,3,0,0
BRDA:28,4,0,0
BRDA:28,4,1,0
BRDA:30,5,0,0
BRDA:30,5,1,0
BRF:10
BRH:4
end_of_record
